Using pre-set license
Desktop is 1366 x 768 @ 60 Hz

 COMMAND LINE ARGUMENTS:
Unity
-adb2
-batchMode
-noUpm
-name
AssetImportWorker0
-projectPath
/home/thiago/Jogos/SamuraiGame
-logFile
Logs/AssetImportWorker0.log
-srvPort
34189
Successfully changed project path to: /home/thiago/Jogos/SamuraiGame
/home/thiago/Jogos/SamuraiGame
Using Asset Import Pipeline V2.
Refreshing native plugins compatible for Editor in 35,33 ms, found 1 plugins.
Preloading 0 native plugins for Editor in 0,00 ms.
Initialize engine version: 2020.3.0f1 (c7b5465681fb)
[Subsystems] Discovering subsystems at path /home/thiago/Unity/Hub/Editor/2020.3.0f1/Editor/Data/Resources/UnitySubsystems
[Subsystems] Discovering subsystems at path /home/thiago/Jogos/SamuraiGame/Assets
GLX Extensions: GLX_ARB_create_context GLX_ARB_create_context_no_error GLX_ARB_create_context_profile GLX_ARB_create_context_robustness GLX_ARB_fbconfig_float GLX_ARB_framebuffer_sRGB GLX_ARB_get_proc_address GLX_ARB_multisample GLX_EXT_buffer_age GLX_EXT_create_context_es2_profile GLX_EXT_create_context_es_profile GLX_EXT_fbconfig_packed_float GLX_EXT_framebuffer_sRGB GLX_EXT_import_context GLX_EXT_texture_from_pixmap GLX_EXT_visual_info GLX_EXT_visual_rating GLX_INTEL_swap_event GLX_MESA_copy_sub_buffer GLX_MESA_query_renderer GLX_MESA_swap_control GLX_OML_swap_method GLX_OML_sync_control GLX_SGIS_multisample GLX_SGIX_fbconfig GLX_SGIX_pbuffer GLX_SGIX_visual_select_group GLX_SGI_make_current_read GLX_SGI_swap_control GLX_SGI_video_sync 
Renderer: Mesa Intel(R) UHD Graphics 620 (WHL GT2)
Vendor:   Intel
Version:  4.6 (Core Profile) Mesa 20.2.6
GLES:     0
 GL_3DFX_texture_compression_FXT1 GL_AMD_conservative_depth GL_AMD_depth_clamp_separate GL_AMD_draw_buffers_blend GL_AMD_gpu_shader_int64 GL_AMD_multi_draw_indirect GL_AMD_performance_monitor GL_AMD_pinned_memory GL_AMD_query_buffer_object GL_AMD_seamless_cubemap_per_texture GL_AMD_shader_stencil_export GL_AMD_shader_trinary_minmax GL_AMD_texture_texture4 GL_AMD_vertex_shader_layer GL_AMD_vertex_shader_viewport_index GL_ANGLE_texture_compression_dxt3 GL_ANGLE_texture_compression_dxt5 GL_ARB_ES2_compatibility GL_ARB_ES3_1_compatibility GL_ARB_ES3_2_compatibility GL_ARB_ES3_compatibility GL_ARB_arrays_of_arrays GL_ARB_base_instance GL_ARB_blend_func_extended GL_ARB_buffer_storage GL_ARB_clear_buffer_object GL_ARB_clear_texture GL_ARB_clip_control GL_ARB_compressed_texture_pixel_storage GL_ARB_compute_shader GL_ARB_compute_variable_group_size GL_ARB_conditional_render_inverted GL_ARB_conservative_depth GL_ARB_copy_buffer GL_ARB_copy_image GL_ARB_cull_distance GL_ARB_debug_output GL_ARB_depth_buffer_float GL_ARB
_depth_clamp GL_ARB_derivative_control GL_ARB_direct_state_access GL_ARB_draw_buffers GL_ARB_draw_buffers_blend GL_ARB_draw_elements_base_vertex GL_ARB_draw_indirect GL_ARB_draw_instanced GL_ARB_enhanced_layouts GL_ARB_explicit_attrib_location GL_ARB_explicit_uniform_location GL_ARB_fragment_coord_conventions GL_ARB_fragment_layer_viewport GL_ARB_fragment_shader GL_ARB_fragment_shader_interlock GL_ARB_framebuffer_no_attachments GL_ARB_framebuffer_object GL_ARB_framebuffer_sRGB GL_ARB_get_program_binary GL_ARB_get_texture_sub_image GL_ARB_gl_spirv GL_ARB_gpu_shader5 GL_ARB_gpu_shader_fp64 GL_ARB_gpu_shader_int64 GL_ARB_half_float_pixel GL_ARB_half_float_vertex GL_ARB_indirect_parameters GL_ARB_instanced_arrays GL_ARB_internalformat_query GL_ARB_internalformat_query2 GL_ARB_invalidate_subdata GL_ARB_map_buffer_alignment GL_ARB_map_buffer_range GL_ARB_multi_bind GL_ARB_multi_draw_indirect GL_ARB_occlusion_query2 GL_ARB_parallel_shader_compile GL_ARB_pipeline_statistics_query GL_ARB_pixel_buffer_object GL_ARB_po
int_sprite GL_ARB_polygon_offset_clamp GL_ARB_post_depth_coverage GL_ARB_program_interface_query GL_ARB_provoking_vertex GL_ARB_query_buffer_object GL_ARB_robust_buffer_access_behavior GL_ARB_robustness GL_ARB_sample_shading GL_ARB_sampler_objects GL_ARB_seamless_cube_map GL_ARB_seamless_cubemap_per_texture GL_ARB_separate_shader_objects GL_ARB_shader_atomic_counter_ops GL_ARB_shader_atomic_counters GL_ARB_shader_ballot GL_ARB_shader_bit_encoding GL_ARB_shader_clock GL_ARB_shader_draw_parameters GL_ARB_shader_group_vote GL_ARB_shader_image_load_store GL_ARB_shader_image_size GL_ARB_shader_objects GL_ARB_shader_precision GL_ARB_shader_stencil_export GL_ARB_shader_storage_buffer_object GL_ARB_shader_subroutine GL_ARB_shader_texture_image_samples GL_ARB_shader_texture_lod GL_ARB_shader_viewport_layer_array GL_ARB_shading_language_420pack GL_ARB_shading_language_include GL_ARB_shading_language_packing GL_ARB_spirv_extensions GL_ARB_stencil_texturing GL_ARB_sync GL_ARB_tessellation_shader GL_ARB_texture_barrier G
L_ARB_texture_buffer_object GL_ARB_texture_buffer_object_rgb32 GL_ARB_texture_buffer_range GL_ARB_texture_compression_bptc GL_ARB_texture_compression_rgtc GL_ARB_texture_cube_map_array GL_ARB_texture_filter_anisotropic GL_ARB_texture_float GL_ARB_texture_gather GL_ARB_texture_mirror_clamp_to_edge GL_ARB_texture_multisample GL_ARB_texture_non_power_of_two GL_ARB_texture_query_levels GL_ARB_texture_query_lod GL_ARB_texture_rectangle GL_ARB_texture_rg GL_ARB_texture_rgb10_a2ui GL_ARB_texture_stencil8 GL_ARB_texture_storage GL_ARB_texture_storage_multisample GL_ARB_texture_swizzle GL_ARB_texture_view GL_ARB_timer_query GL_ARB_transform_feedback2 GL_ARB_transform_feedback3 GL_ARB_transform_feedback_instanced GL_ARB_transform_feedback_overflow_query GL_ARB_uniform_buffer_object GL_ARB_vertex_array_bgra GL_ARB_vertex_array_object GL_ARB_vertex_attrib_64bit GL_ARB_vertex_attrib_binding GL_ARB_vertex_buffer_object GL_ARB_vertex_shader GL_ARB_vertex_type_10f_11f_11f_rev GL_ARB_vertex_type_2_10_10_10_rev GL_ARB_viewpor
t_array GL_ATI_blend_equation_separate GL_ATI_texture_float GL_EXT_EGL_image_storage GL_EXT_EGL_sync GL_EXT_abgr GL_EXT_blend_equation_separate GL_EXT_demote_to_helper_invocation GL_EXT_draw_buffers2 GL_EXT_draw_instanced GL_EXT_framebuffer_blit GL_EXT_framebuffer_multisample GL_EXT_framebuffer_multisample_blit_scaled GL_EXT_framebuffer_object GL_EXT_framebuffer_sRGB GL_EXT_packed_depth_stencil GL_EXT_packed_float GL_EXT_pixel_buffer_object GL_EXT_polygon_offset_clamp GL_EXT_provoking_vertex GL_EXT_shader_framebuffer_fetch GL_EXT_shader_framebuffer_fetch_non_coherent GL_EXT_shader_integer_mix GL_EXT_shader_samples_identical GL_EXT_texture_array GL_EXT_texture_compression_dxt1 GL_EXT_texture_compression_rgtc GL_EXT_texture_compression_s3tc GL_EXT_texture_filter_anisotropic GL_EXT_texture_integer GL_EXT_texture_sRGB GL_EXT_texture_sRGB_R8 GL_EXT_texture_sRGB_decode GL_EXT_texture_shadow_lod GL_EXT_texture_shared_exponent GL_EXT_texture_snorm GL_EXT_texture_swizzle GL_EXT_timer_query GL_EXT_transform_feedback G
L_EXT_vertex_array_bgra GL_EXT_vertex_attrib_64bit GL_IBM_multimode_draw_arrays GL_INTEL_blackhole_render GL_INTEL_conservative_rasterization GL_INTEL_performance_query GL_INTEL_shader_atomic_float_minmax GL_INTEL_shader_integer_functions2 GL_KHR_blend_equation_advanced GL_KHR_blend_equation_advanced_coherent GL_KHR_context_flush_control GL_KHR_debug GL_KHR_no_error GL_KHR_parallel_shader_compile GL_KHR_robust_buffer_access_behavior GL_KHR_robustness GL_KHR_texture_compression_astc_ldr GL_KHR_texture_compression_astc_sliced_3d GL_MESA_framebuffer_flip_y GL_MESA_pack_invert GL_MESA_shader_integer_functions GL_MESA_texture_signed_rgba GL_NV_compute_shader_derivatives GL_NV_conditional_render GL_NV_copy_image GL_NV_depth_clamp GL_NV_fragment_shader_interlock GL_NV_packed_depth_stencil GL_NV_texture_barrier GL_OES_EGL_image GL_S3_s3tc
OPENGL LOG: Creating OpenGL 4.6 graphics device ; Context level  <OpenGL 4.5> ; Context handle 67243056
Initialize mono
Mono path[0] = '/home/thiago/Unity/Hub/Editor/2020.3.0f1/Editor/Data/Managed'
Mono path[1] = '/home/thiago/Unity/Hub/Editor/2020.3.0f1/Editor/Data/MonoBleedingEdge/lib/mono/unityjit'
Mono config path = '/home/thiago/Unity/Hub/Editor/2020.3.0f1/Editor/Data/MonoBleedingEdge/etc'
Using monoOptions --debugger-agent=transport=dt_socket,embedding=1,server=y,suspend=n,address=127.0.0.1:56641
Begin MonoManager ReloadAssembly
Registering precompiled unity dll's ...
Register platform support module: /home/thiago/Unity/Hub/Editor/2020.3.0f1/Editor/Data/PlaybackEngines/LinuxStandaloneSupport/UnityEditor.LinuxStandalone.Extensions.dll
Registered in 0,001038 seconds.
Native extension for LinuxStandalone target not found
Refreshing native plugins compatible for Editor in 38,46 ms, found 1 plugins.
Preloading 0 native plugins for Editor in 0,00 ms.
Invoked RoslynAnalysisRunner static constructor.
RoslynAnalysisRunner will not be running.
RoslynAnalysisRunner has terminated.
Mono: successfully reloaded assembly
- Completed reload, in  1,002 seconds
Platform modules already initialized, skipping
Registering precompiled user dll's ...
Registered in 0,000532 seconds.
Begin MonoManager ReloadAssembly
Native extension for LinuxStandalone target not found
Refreshing native plugins compatible for Editor in 32,26 ms, found 1 plugins.
Preloading 0 native plugins for Editor in 0,00 ms.
Invoked RoslynAnalysisRunner static constructor.
RoslynAnalysisRunner will not be running.
RoslynAnalysisRunner has terminated.
Mono: successfully reloaded assembly
- Completed reload, in  0,833 seconds
Platform modules already initialized, skipping
========================================================================
Worker process is ready to serve import requests
Launched and connected shader compiler UnityShaderCompiler after 0.01 seconds
Refreshing native plugins compatible for Editor in 0,32 ms, found 1 plugins.
Preloading 0 native plugins for Editor in 0,00 ms.
Unloading 1807 Unused Serialized files (Serialized files now loaded: 0)
System memory in use before: 78,7 MB.
System memory in use after: 78,7 MB.

Unloading 23 unused Assets to reduce memory usage. Loaded Objects now: 2250.
Total: 2,958405 ms (FindLiveObjects: 0,186092 ms CreateObjectMapping: 0,072885 ms MarkObjects: 2,508681 ms  DeleteObjects: 0,189875 ms)

========================================================================
Received Import Request.
  path: Assets/Sprites/Run.png
  artifactKey: Guid(4447602a5b85e67d596884551586fafd) Importer(815301076,1909f56bfc062723c751e8b465ee728b)
Start importing Assets/Sprites/Run.png using Guid(4447602a5b85e67d596884551586fafd) Importer(815301076,1909f56bfc062723c751e8b465ee728b)  -> (artifact id: 'e3abb57c3e5bf0dd796a263a8a622bca') in 0,206439 seconds
  Import took 0,209688 seconds .

========================================================================
Received Import Request.
  Time since last request: 0,000141 seconds.
  path: Assets/Sprites/Take Hit - white silhouette.png
  artifactKey: Guid(4b38a9e4221d49beba89ffaf5ca86be5) Importer(815301076,1909f56bfc062723c751e8b465ee728b)
Start importing Assets/Sprites/Take Hit - white silhouette.png using Guid(4b38a9e4221d49beba89ffaf5ca86be5) Importer(815301076,1909f56bfc062723c751e8b465ee728b)  -> (artifact id: '432fc09313f7b6c3a6ca66e8de3d2c74') in 0,004456 seconds
  Import took 0,006917 seconds .

========================================================================
Received Import Request.
  Time since last request: 0,000247 seconds.
  path: Assets/Sprites/Take Hit.png
  artifactKey: Guid(4852ba4c2f1ebf986ae03cf89bd59c56) Importer(815301076,1909f56bfc062723c751e8b465ee728b)
Start importing Assets/Sprites/Take Hit.png using Guid(4852ba4c2f1ebf986ae03cf89bd59c56) Importer(815301076,1909f56bfc062723c751e8b465ee728b)  -> (artifact id: 'cd5f105a6e52237943c5afa59b51c813') in 0,004832 seconds
  Import took 0,007366 seconds .

========================================================================
Received Import Request.
  Time since last request: 0,000223 seconds.
  path: Assets/Sprites/Fall.png
  artifactKey: Guid(9ae5fcca3a12f8659b210e5ac84fc314) Importer(815301076,1909f56bfc062723c751e8b465ee728b)
Start importing Assets/Sprites/Fall.png using Guid(9ae5fcca3a12f8659b210e5ac84fc314) Importer(815301076,1909f56bfc062723c751e8b465ee728b)  -> (artifact id: 'b0bc3b007aadb6a8eee4440df70e4f43') in 0,004721 seconds
  Import took 0,007342 seconds .

========================================================================
Received Import Request.
  Time since last request: 0,000303 seconds.
  path: Assets/Sprites/Attack1.png
  artifactKey: Guid(2f28adce7a1ebac19b190a106c45523c) Importer(815301076,1909f56bfc062723c751e8b465ee728b)
Start importing Assets/Sprites/Attack1.png using Guid(2f28adce7a1ebac19b190a106c45523c) Importer(815301076,1909f56bfc062723c751e8b465ee728b)  -> (artifact id: '09c281e7e5181e0605e12513bebc1003') in 0,004834 seconds
  Import took 0,007839 seconds .

========================================================================
Received Import Request.
  Time since last request: 0,000189 seconds.
  path: Assets/Sprites/Attack2.png
  artifactKey: Guid(24390dbf643f538b0a29f1db1e265745) Importer(815301076,1909f56bfc062723c751e8b465ee728b)
Start importing Assets/Sprites/Attack2.png using Guid(24390dbf643f538b0a29f1db1e265745) Importer(815301076,1909f56bfc062723c751e8b465ee728b)  -> (artifact id: '9afcd77995a17c1dc0bc1ee0e3f4d6ef') in 0,004324 seconds
  Import took 0,007047 seconds .

========================================================================
Received Import Request.
  Time since last request: 0,000254 seconds.
  path: Assets/Sprites/Idle.png
  artifactKey: Guid(410d0d794797d78b897cbad1578c59bb) Importer(815301076,1909f56bfc062723c751e8b465ee728b)
Start importing Assets/Sprites/Idle.png using Guid(410d0d794797d78b897cbad1578c59bb) Importer(815301076,1909f56bfc062723c751e8b465ee728b)  -> (artifact id: '97ecb1ceae147b2897fcd00035f646be') in 0,003712 seconds
  Import took 0,006453 seconds .

========================================================================
Received Import Request.
  Time since last request: 0,000253 seconds.
  path: Assets/Sprites/Death.png
  artifactKey: Guid(ea1a04b2348c8fc3ea5d13d7382dca28) Importer(815301076,1909f56bfc062723c751e8b465ee728b)
Start importing Assets/Sprites/Death.png using Guid(ea1a04b2348c8fc3ea5d13d7382dca28) Importer(815301076,1909f56bfc062723c751e8b465ee728b)  -> (artifact id: '7d7056e0cb26b743138758d73a3a37a7') in 0,004530 seconds
  Import took 0,007557 seconds .

========================================================================
Received Import Request.
  Time since last request: 0,000264 seconds.
  path: Assets/Sprites/Jump.png
  artifactKey: Guid(36ff4daa4958139fda807eab429a42fa) Importer(815301076,1909f56bfc062723c751e8b465ee728b)
Start importing Assets/Sprites/Jump.png using Guid(36ff4daa4958139fda807eab429a42fa) Importer(815301076,1909f56bfc062723c751e8b465ee728b)  -> (artifact id: '41b6f963317f101c9d066b699498f7a4') in 0,004681 seconds
  Import took 0,007563 seconds .

========================================================================
Received Import Request.
  Time since last request: 145,785513 seconds.
  path: Assets/Sprites/Run.png
  artifactKey: Guid(4447602a5b85e67d596884551586fafd) Importer(815301076,1909f56bfc062723c751e8b465ee728b)
Start importing Assets/Sprites/Run.png using Guid(4447602a5b85e67d596884551586fafd) Importer(815301076,1909f56bfc062723c751e8b465ee728b)  -> (artifact id: '45a8376a3520780cfdd97663160d5725') in 0,003243 seconds
  Import took 0,006295 seconds .

========================================================================
Received Import Request.
  Time since last request: 0,041390 seconds.
  path: Assets/Sprites/Run.png
  artifactKey: Guid(4447602a5b85e67d596884551586fafd) Importer(815301076,1909f56bfc062723c751e8b465ee728b)
Start importing Assets/Sprites/Run.png using Guid(4447602a5b85e67d596884551586fafd) Importer(815301076,1909f56bfc062723c751e8b465ee728b)  -> (artifact id: '45a8376a3520780cfdd97663160d5725') in 0,003044 seconds
  Import took 0,005939 seconds .

========================================================================
Received Import Request.
  Time since last request: 102,660887 seconds.
  path: Assets/Sprites/Run.png
  artifactKey: Guid(4447602a5b85e67d596884551586fafd) Importer(815301076,1909f56bfc062723c751e8b465ee728b)
Start importing Assets/Sprites/Run.png using Guid(4447602a5b85e67d596884551586fafd) Importer(815301076,1909f56bfc062723c751e8b465ee728b)  -> (artifact id: 'eecc4db8d30affd7e2a3381598215195') in 0,017339 seconds
  Import took 0,020716 seconds .

========================================================================
Received Import Request.
  Time since last request: 140,793604 seconds.
  path: Assets/Sprites/Run.png
  artifactKey: Guid(4447602a5b85e67d596884551586fafd) Importer(815301076,1909f56bfc062723c751e8b465ee728b)
Start importing Assets/Sprites/Run.png using Guid(4447602a5b85e67d596884551586fafd) Importer(815301076,1909f56bfc062723c751e8b465ee728b)  -> (artifact id: '777dac70dac396ebc0106fab4efc39a3') in 0,003957 seconds
  Import took 0,006997 seconds .

========================================================================
Received Import Request.
  Time since last request: 143,549658 seconds.
  path: Assets/Sprites/Run 1.png
  artifactKey: Guid(c86a91eaa1d9464d4985ecb9050eef20) Importer(815301076,1909f56bfc062723c751e8b465ee728b)
Start importing Assets/Sprites/Run 1.png using Guid(c86a91eaa1d9464d4985ecb9050eef20) Importer(815301076,1909f56bfc062723c751e8b465ee728b)  -> (artifact id: '11603aabe8bd4a087de929587bb2291e') in 0,004561 seconds
  Import took 0,007576 seconds .

========================================================================
Received Import Request.
  Time since last request: 40,195209 seconds.
  path: Assets/Sprites/Run 2.png
  artifactKey: Guid(7c4c575d373f7a0d092df35448e01ded) Importer(815301076,1909f56bfc062723c751e8b465ee728b)
Start importing Assets/Sprites/Run 2.png using Guid(7c4c575d373f7a0d092df35448e01ded) Importer(815301076,1909f56bfc062723c751e8b465ee728b)  -> (artifact id: 'db9bdc4c0c092192de05bf26f5de5cdb') in 0,005505 seconds
  Import took 0,008486 seconds .

========================================================================
Received Prepare
Registering precompiled user dll's ...
Registered in 0,000591 seconds.
Begin MonoManager ReloadAssembly
Native extension for LinuxStandalone target not found
Refreshing native plugins compatible for Editor in 0,32 ms, found 1 plugins.
Preloading 0 native plugins for Editor in 0,00 ms.
Invoked RoslynAnalysisRunner static constructor.
RoslynAnalysisRunner will not be running.
RoslynAnalysisRunner has terminated.
Mono: successfully reloaded assembly
- Completed reload, in  0,795 seconds
Platform modules already initialized, skipping
Refreshing native plugins compatible for Editor in 0,34 ms, found 1 plugins.
Preloading 0 native plugins for Editor in 0,00 ms.
Unloading 1801 Unused Serialized files (Serialized files now loaded: 0)
System memory in use before: 80,0 MB.
System memory in use after: 80,1 MB.

Unloading 11 unused Assets to reduce memory usage. Loaded Objects now: 2270.
Total: 2,536653 ms (FindLiveObjects: 0,183637 ms CreateObjectMapping: 0,063580 ms MarkObjects: 2,182580 ms  DeleteObjects: 0,105663 ms)

========================================================================
Received Import Request.
  Time since last request: 325,967676 seconds.
  path: Assets/Sprites/Run 1.png
  artifactKey: Guid(c86a91eaa1d9464d4985ecb9050eef20) Importer(815301076,1909f56bfc062723c751e8b465ee728b)
Start importing Assets/Sprites/Run 1.png using Guid(c86a91eaa1d9464d4985ecb9050eef20) Importer(815301076,1909f56bfc062723c751e8b465ee728b)  -> (artifact id: '3552b91535f448cb3f427eb2d569fc69') in 0,038664 seconds
  Import took 0,041828 seconds .

========================================================================
Received Import Request.
  Time since last request: 8,147146 seconds.
  path: Assets/Sprites/Run 1.png
  artifactKey: Guid(c86a91eaa1d9464d4985ecb9050eef20) Importer(815301076,1909f56bfc062723c751e8b465ee728b)
Start importing Assets/Sprites/Run 1.png using Guid(c86a91eaa1d9464d4985ecb9050eef20) Importer(815301076,1909f56bfc062723c751e8b465ee728b)  -> (artifact id: '428bee34a77c9d6d0733088d973a98aa') in 0,002648 seconds
  Import took 0,005306 seconds .

========================================================================
Received Import Request.
  Time since last request: 47,378433 seconds.
  path: Assets/Sprites/Run 1.png
  artifactKey: Guid(c86a91eaa1d9464d4985ecb9050eef20) Importer(815301076,1909f56bfc062723c751e8b465ee728b)
Start importing Assets/Sprites/Run 1.png using Guid(c86a91eaa1d9464d4985ecb9050eef20) Importer(815301076,1909f56bfc062723c751e8b465ee728b)  -> (artifact id: 'c324cb44f18eb8a6ec37c6616b49830a') in 0,081765 seconds
  Import took 0,088252 seconds .

========================================================================
Received Import Request.
  Time since last request: 255,767069 seconds.
  path: Assets/Animations/Run 1_0.controller
  artifactKey: Guid(80aba0388dc29f098aef153b079f16ef) Importer(815301076,1909f56bfc062723c751e8b465ee728b)
Start importing Assets/Animations/Run 1_0.controller using Guid(80aba0388dc29f098aef153b079f16ef) Importer(815301076,1909f56bfc062723c751e8b465ee728b)  -> (artifact id: 'b6186be350df298b7d710cd54f48dff6') in 0,001913 seconds
  Import took 0,005946 seconds .

========================================================================
Received Import Request.
  Time since last request: 3,904357 seconds.
  path: Assets/Animations/playerrunning.anim
  artifactKey: Guid(06afa5fcec105f66595e4da02bd3ee0d) Importer(815301076,1909f56bfc062723c751e8b465ee728b)
Start importing Assets/Animations/playerrunning.anim using Guid(06afa5fcec105f66595e4da02bd3ee0d) Importer(815301076,1909f56bfc062723c751e8b465ee728b)  -> (artifact id: '5a940656975b9fc5ae50194f2ed51a0f') in 0,001569 seconds
  Import took 0,005896 seconds .

========================================================================
Received Import Request.
  Time since last request: 0,105221 seconds.
  path: Assets/Animations/playerrunning.anim
  artifactKey: Guid(06afa5fcec105f66595e4da02bd3ee0d) Importer(815301076,1909f56bfc062723c751e8b465ee728b)
Start importing Assets/Animations/playerrunning.anim using Guid(06afa5fcec105f66595e4da02bd3ee0d) Importer(815301076,1909f56bfc062723c751e8b465ee728b)  -> (artifact id: '5a940656975b9fc5ae50194f2ed51a0f') in 0,003040 seconds
  Import took 0,011874 seconds .

========================================================================
Received Prepare
Registering precompiled user dll's ...
Registered in 0,000569 seconds.
Begin MonoManager ReloadAssembly
Native extension for LinuxStandalone target not found
Refreshing native plugins compatible for Editor in 0,38 ms, found 1 plugins.
Preloading 0 native plugins for Editor in 0,00 ms.
Invoked RoslynAnalysisRunner static constructor.
RoslynAnalysisRunner will not be running.
RoslynAnalysisRunner has terminated.
Mono: successfully reloaded assembly
- Completed reload, in  0,713 seconds
Platform modules already initialized, skipping
Refreshing native plugins compatible for Editor in 0,35 ms, found 1 plugins.
Preloading 0 native plugins for Editor in 0,00 ms.
Unloading 1801 Unused Serialized files (Serialized files now loaded: 0)
System memory in use before: 80,1 MB.
System memory in use after: 80,1 MB.

Unloading 11 unused Assets to reduce memory usage. Loaded Objects now: 2285.
Total: 2,740509 ms (FindLiveObjects: 0,203862 ms CreateObjectMapping: 0,059824 ms MarkObjects: 2,374211 ms  DeleteObjects: 0,101235 ms)

========================================================================
Received Prepare
Registering precompiled user dll's ...
Registered in 0,000546 seconds.
Begin MonoManager ReloadAssembly
Native extension for LinuxStandalone target not found
Refreshing native plugins compatible for Editor in 0,33 ms, found 1 plugins.
Preloading 0 native plugins for Editor in 0,00 ms.
Invoked RoslynAnalysisRunner static constructor.
RoslynAnalysisRunner will not be running.
RoslynAnalysisRunner has terminated.
Mono: successfully reloaded assembly
- Completed reload, in  0,723 seconds
Platform modules already initialized, skipping
Refreshing native plugins compatible for Editor in 0,39 ms, found 1 plugins.
Preloading 0 native plugins for Editor in 0,00 ms.
Unloading 1801 Unused Serialized files (Serialized files now loaded: 0)
System memory in use before: 80,1 MB.
System memory in use after: 80,1 MB.

Unloading 11 unused Assets to reduce memory usage. Loaded Objects now: 2289.
Total: 2,721805 ms (FindLiveObjects: 0,216361 ms CreateObjectMapping: 0,063863 ms MarkObjects: 2,349384 ms  DeleteObjects: 0,090973 ms)

========================================================================
Received Prepare
Registering precompiled user dll's ...
Registered in 0,000545 seconds.
Begin MonoManager ReloadAssembly
Native extension for LinuxStandalone target not found
Refreshing native plugins compatible for Editor in 0,35 ms, found 1 plugins.
Preloading 0 native plugins for Editor in 0,00 ms.
Invoked RoslynAnalysisRunner static constructor.
RoslynAnalysisRunner will not be running.
RoslynAnalysisRunner has terminated.
Mono: successfully reloaded assembly
- Completed reload, in  0,737 seconds
Platform modules already initialized, skipping
Refreshing native plugins compatible for Editor in 0,33 ms, found 1 plugins.
Preloading 0 native plugins for Editor in 0,00 ms.
Unloading 1801 Unused Serialized files (Serialized files now loaded: 0)
System memory in use before: 80,1 MB.
System memory in use after: 80,1 MB.

Unloading 11 unused Assets to reduce memory usage. Loaded Objects now: 2293.
Total: 6,620758 ms (FindLiveObjects: 0,487875 ms CreateObjectMapping: 0,476132 ms MarkObjects: 5,487022 ms  DeleteObjects: 0,167162 ms)

========================================================================
Received Prepare
Registering precompiled user dll's ...
Registered in 0,000707 seconds.
Begin MonoManager ReloadAssembly
Native extension for LinuxStandalone target not found
Refreshing native plugins compatible for Editor in 0,52 ms, found 1 plugins.
Preloading 0 native plugins for Editor in 0,00 ms.
Invoked RoslynAnalysisRunner static constructor.
RoslynAnalysisRunner will not be running.
RoslynAnalysisRunner has terminated.
Mono: successfully reloaded assembly
- Completed reload, in  0,744 seconds
Platform modules already initialized, skipping
Refreshing native plugins compatible for Editor in 0,34 ms, found 1 plugins.
Preloading 0 native plugins for Editor in 0,00 ms.
Unloading 1801 Unused Serialized files (Serialized files now loaded: 0)
System memory in use before: 80,1 MB.
System memory in use after: 80,2 MB.

Unloading 11 unused Assets to reduce memory usage. Loaded Objects now: 2297.
Total: 6,963081 ms (FindLiveObjects: 0,476468 ms CreateObjectMapping: 0,204070 ms MarkObjects: 6,062933 ms  DeleteObjects: 0,216263 ms)

========================================================================
Received Prepare
Registering precompiled user dll's ...
Registered in 0,000525 seconds.
Begin MonoManager ReloadAssembly
Native extension for LinuxStandalone target not found
Refreshing native plugins compatible for Editor in 0,46 ms, found 1 plugins.
Preloading 0 native plugins for Editor in 0,00 ms.
Invoked RoslynAnalysisRunner static constructor.
RoslynAnalysisRunner will not be running.
RoslynAnalysisRunner has terminated.
Mono: successfully reloaded assembly
- Completed reload, in  0,721 seconds
Platform modules already initialized, skipping
Refreshing native plugins compatible for Editor in 0,38 ms, found 1 plugins.
Preloading 0 native plugins for Editor in 0,00 ms.
Unloading 1801 Unused Serialized files (Serialized files now loaded: 0)
System memory in use before: 80,1 MB.
System memory in use after: 80,2 MB.

Unloading 11 unused Assets to reduce memory usage. Loaded Objects now: 2301.
Total: 2,871652 ms (FindLiveObjects: 0,265679 ms CreateObjectMapping: 0,059197 ms MarkObjects: 2,446149 ms  DeleteObjects: 0,096632 ms)

========================================================================
Received Import Request.
  Time since last request: 755,241471 seconds.
  path: Assets/Animations/Run 1.png
  artifactKey: Guid(c86a91eaa1d9464d4985ecb9050eef20) Importer(815301076,1909f56bfc062723c751e8b465ee728b)
Start importing Assets/Animations/Run 1.png using Guid(c86a91eaa1d9464d4985ecb9050eef20) Importer(815301076,1909f56bfc062723c751e8b465ee728b)  -> (artifact id: 'fe2b172ac50009a411a928e61c4731a8') in 0,056953 seconds
  Import took 0,060819 seconds .

========================================================================
Received Import Request.
  Time since last request: 49,343326 seconds.
  path: Assets/Animations/Run 1.png
  artifactKey: Guid(c86a91eaa1d9464d4985ecb9050eef20) Importer(815301076,1909f56bfc062723c751e8b465ee728b)
Start importing Assets/Animations/Run 1.png using Guid(c86a91eaa1d9464d4985ecb9050eef20) Importer(815301076,1909f56bfc062723c751e8b465ee728b)  -> (artifact id: 'c5950827a640133294964f03d0bf2429') in 0,015960 seconds
  Import took 0,018878 seconds .

========================================================================
Received Prepare
Registering precompiled user dll's ...
Registered in 0,000604 seconds.
Begin MonoManager ReloadAssembly
Native extension for LinuxStandalone target not found
Refreshing native plugins compatible for Editor in 0,36 ms, found 1 plugins.
Preloading 0 native plugins for Editor in 0,00 ms.
Invoked RoslynAnalysisRunner static constructor.
RoslynAnalysisRunner will not be running.
RoslynAnalysisRunner has terminated.
Mono: successfully reloaded assembly
- Completed reload, in  0,749 seconds
Platform modules already initialized, skipping
Refreshing native plugins compatible for Editor in 0,43 ms, found 1 plugins.
Preloading 0 native plugins for Editor in 0,00 ms.
Unloading 1801 Unused Serialized files (Serialized files now loaded: 0)
System memory in use before: 80,2 MB.
System memory in use after: 80,2 MB.

Unloading 11 unused Assets to reduce memory usage. Loaded Objects now: 2306.
Total: 2,630307 ms (FindLiveObjects: 0,210317 ms CreateObjectMapping: 0,059193 ms MarkObjects: 2,267984 ms  DeleteObjects: 0,091489 ms)

========================================================================
Received Import Request.
  Time since last request: 162,597631 seconds.
  path: Assets/Animations/Run 1_0.controller
  artifactKey: Guid(80aba0388dc29f098aef153b079f16ef) Importer(815301076,1909f56bfc062723c751e8b465ee728b)
Start importing Assets/Animations/Run 1_0.controller using Guid(80aba0388dc29f098aef153b079f16ef) Importer(815301076,1909f56bfc062723c751e8b465ee728b)  -> (artifact id: 'cda8ef5d6bf89f25ad853697a73452a3') in 0,016287 seconds
  Import took 0,020034 seconds .

========================================================================
Received Prepare
Registering precompiled user dll's ...
Registered in 0,000567 seconds.
Begin MonoManager ReloadAssembly
Native extension for LinuxStandalone target not found
Refreshing native plugins compatible for Editor in 0,36 ms, found 1 plugins.
Preloading 0 native plugins for Editor in 0,00 ms.
Invoked RoslynAnalysisRunner static constructor.
RoslynAnalysisRunner will not be running.
RoslynAnalysisRunner has terminated.
Mono: successfully reloaded assembly
- Completed reload, in  0,722 seconds
Platform modules already initialized, skipping
Refreshing native plugins compatible for Editor in 0,35 ms, found 1 plugins.
Preloading 0 native plugins for Editor in 0,00 ms.
Unloading 1801 Unused Serialized files (Serialized files now loaded: 0)
System memory in use before: 80,2 MB.
System memory in use after: 80,2 MB.

Unloading 11 unused Assets to reduce memory usage. Loaded Objects now: 2310.
Total: 2,936673 ms (FindLiveObjects: 0,220057 ms CreateObjectMapping: 0,062305 ms MarkObjects: 2,544120 ms  DeleteObjects: 0,109014 ms)

========================================================================
Received Prepare
Registering precompiled user dll's ...
Registered in 0,000570 seconds.
Begin MonoManager ReloadAssembly
Native extension for LinuxStandalone target not found
Refreshing native plugins compatible for Editor in 0,40 ms, found 1 plugins.
Preloading 0 native plugins for Editor in 0,00 ms.
Invoked RoslynAnalysisRunner static constructor.
RoslynAnalysisRunner will not be running.
RoslynAnalysisRunner has terminated.
Mono: successfully reloaded assembly
- Completed reload, in  0,776 seconds
Platform modules already initialized, skipping
Refreshing native plugins compatible for Editor in 0,39 ms, found 1 plugins.
Preloading 0 native plugins for Editor in 0,00 ms.
Unloading 1801 Unused Serialized files (Serialized files now loaded: 0)
System memory in use before: 80,2 MB.
System memory in use after: 80,2 MB.

Unloading 11 unused Assets to reduce memory usage. Loaded Objects now: 2314.
Total: 3,043967 ms (FindLiveObjects: 0,220855 ms CreateObjectMapping: 0,062742 ms MarkObjects: 2,651017 ms  DeleteObjects: 0,108244 ms)

========================================================================
Received Prepare
Registering precompiled user dll's ...
Registered in 0,000645 seconds.
Begin MonoManager ReloadAssembly
Native extension for LinuxStandalone target not found
Refreshing native plugins compatible for Editor in 0,36 ms, found 1 plugins.
Preloading 0 native plugins for Editor in 0,00 ms.
Invoked RoslynAnalysisRunner static constructor.
RoslynAnalysisRunner will not be running.
RoslynAnalysisRunner has terminated.
Mono: successfully reloaded assembly
- Completed reload, in  0,726 seconds
Platform modules already initialized, skipping
Refreshing native plugins compatible for Editor in 0,35 ms, found 1 plugins.
Preloading 0 native plugins for Editor in 0,00 ms.
Unloading 1801 Unused Serialized files (Serialized files now loaded: 0)
System memory in use before: 80,2 MB.
System memory in use after: 80,2 MB.

Unloading 11 unused Assets to reduce memory usage. Loaded Objects now: 2318.
Total: 2,868776 ms (FindLiveObjects: 0,203878 ms CreateObjectMapping: 0,063301 ms MarkObjects: 2,493950 ms  DeleteObjects: 0,106293 ms)

========================================================================
Received Prepare
Registering precompiled user dll's ...
Registered in 0,000784 seconds.
Begin MonoManager ReloadAssembly
Native extension for LinuxStandalone target not found
Refreshing native plugins compatible for Editor in 0,35 ms, found 1 plugins.
Preloading 0 native plugins for Editor in 0,00 ms.
Invoked RoslynAnalysisRunner static constructor.
RoslynAnalysisRunner will not be running.
RoslynAnalysisRunner has terminated.
Mono: successfully reloaded assembly
- Completed reload, in  0,750 seconds
Platform modules already initialized, skipping
Refreshing native plugins compatible for Editor in 0,32 ms, found 1 plugins.
Preloading 0 native plugins for Editor in 0,00 ms.
Unloading 1801 Unused Serialized files (Serialized files now loaded: 0)
System memory in use before: 80,2 MB.
System memory in use after: 80,2 MB.

Unloading 11 unused Assets to reduce memory usage. Loaded Objects now: 2322.
Total: 2,609243 ms (FindLiveObjects: 0,183880 ms CreateObjectMapping: 0,076138 ms MarkObjects: 2,251294 ms  DeleteObjects: 0,096800 ms)

========================================================================
Received Prepare
Registering precompiled user dll's ...
Registered in 0,000544 seconds.
Begin MonoManager ReloadAssembly
Native extension for LinuxStandalone target not found
Refreshing native plugins compatible for Editor in 0,32 ms, found 1 plugins.
Preloading 0 native plugins for Editor in 0,00 ms.
Invoked RoslynAnalysisRunner static constructor.
RoslynAnalysisRunner will not be running.
RoslynAnalysisRunner has terminated.
Mono: successfully reloaded assembly
- Completed reload, in  0,728 seconds
Platform modules already initialized, skipping
Refreshing native plugins compatible for Editor in 0,35 ms, found 1 plugins.
Preloading 0 native plugins for Editor in 0,00 ms.
Unloading 1801 Unused Serialized files (Serialized files now loaded: 0)
System memory in use before: 80,2 MB.
System memory in use after: 80,2 MB.

Unloading 11 unused Assets to reduce memory usage. Loaded Objects now: 2326.
Total: 2,861506 ms (FindLiveObjects: 0,204448 ms CreateObjectMapping: 0,064713 ms MarkObjects: 2,480444 ms  DeleteObjects: 0,110805 ms)

========================================================================
Received Prepare
Registering precompiled user dll's ...
Registered in 0,000544 seconds.
Begin MonoManager ReloadAssembly
Native extension for LinuxStandalone target not found
Refreshing native plugins compatible for Editor in 0,32 ms, found 1 plugins.
Preloading 0 native plugins for Editor in 0,00 ms.
Invoked RoslynAnalysisRunner static constructor.
RoslynAnalysisRunner will not be running.
RoslynAnalysisRunner has terminated.
Mono: successfully reloaded assembly
- Completed reload, in  0,756 seconds
Platform modules already initialized, skipping
Refreshing native plugins compatible for Editor in 0,32 ms, found 1 plugins.
Preloading 0 native plugins for Editor in 0,00 ms.
Unloading 1801 Unused Serialized files (Serialized files now loaded: 0)
System memory in use before: 80,2 MB.
System memory in use after: 80,2 MB.

Unloading 11 unused Assets to reduce memory usage. Loaded Objects now: 2330.
Total: 2,694719 ms (FindLiveObjects: 0,197827 ms CreateObjectMapping: 0,058497 ms MarkObjects: 2,339868 ms  DeleteObjects: 0,097343 ms)

========================================================================
Received Prepare
Registering precompiled user dll's ...
Registered in 0,000559 seconds.
Begin MonoManager ReloadAssembly
Native extension for LinuxStandalone target not found
Refreshing native plugins compatible for Editor in 0,35 ms, found 1 plugins.
Preloading 0 native plugins for Editor in 0,00 ms.
Invoked RoslynAnalysisRunner static constructor.
RoslynAnalysisRunner will not be running.
RoslynAnalysisRunner has terminated.
Mono: successfully reloaded assembly
- Completed reload, in  0,738 seconds
Platform modules already initialized, skipping
Refreshing native plugins compatible for Editor in 0,36 ms, found 1 plugins.
Preloading 0 native plugins for Editor in 0,00 ms.
Unloading 1801 Unused Serialized files (Serialized files now loaded: 0)
System memory in use before: 80,2 MB.
System memory in use after: 80,2 MB.

Unloading 11 unused Assets to reduce memory usage. Loaded Objects now: 2334.
Total: 2,834709 ms (FindLiveObjects: 0,214660 ms CreateObjectMapping: 0,070106 ms MarkObjects: 2,447656 ms  DeleteObjects: 0,100799 ms)

========================================================================
Received Prepare
Registering precompiled user dll's ...
Registered in 0,000547 seconds.
Begin MonoManager ReloadAssembly
Native extension for LinuxStandalone target not found
Refreshing native plugins compatible for Editor in 0,49 ms, found 1 plugins.
Preloading 0 native plugins for Editor in 0,00 ms.
Invoked RoslynAnalysisRunner static constructor.
RoslynAnalysisRunner will not be running.
RoslynAnalysisRunner has terminated.
Mono: successfully reloaded assembly
- Completed reload, in  0,732 seconds
Platform modules already initialized, skipping
Refreshing native plugins compatible for Editor in 0,39 ms, found 1 plugins.
Preloading 0 native plugins for Editor in 0,00 ms.
Unloading 1801 Unused Serialized files (Serialized files now loaded: 0)
System memory in use before: 80,2 MB.
System memory in use after: 80,2 MB.

Unloading 11 unused Assets to reduce memory usage. Loaded Objects now: 2338.
Total: 2,597257 ms (FindLiveObjects: 0,203942 ms CreateObjectMapping: 0,064224 ms MarkObjects: 2,225252 ms  DeleteObjects: 0,102717 ms)

========================================================================
Received Prepare
Registering precompiled user dll's ...
Registered in 0,000549 seconds.
Begin MonoManager ReloadAssembly
Native extension for LinuxStandalone target not found
Refreshing native plugins compatible for Editor in 0,41 ms, found 1 plugins.
Preloading 0 native plugins for Editor in 0,00 ms.
Invoked RoslynAnalysisRunner static constructor.
RoslynAnalysisRunner will not be running.
RoslynAnalysisRunner has terminated.
Mono: successfully reloaded assembly
- Completed reload, in  0,727 seconds
Platform modules already initialized, skipping
Refreshing native plugins compatible for Editor in 0,35 ms, found 1 plugins.
Preloading 0 native plugins for Editor in 0,00 ms.
Unloading 1801 Unused Serialized files (Serialized files now loaded: 0)
System memory in use before: 80,2 MB.
System memory in use after: 80,3 MB.

Unloading 11 unused Assets to reduce memory usage. Loaded Objects now: 2342.
Total: 2,629501 ms (FindLiveObjects: 0,205307 ms CreateObjectMapping: 0,059782 ms MarkObjects: 2,255204 ms  DeleteObjects: 0,108228 ms)

========================================================================
Received Prepare
Registering precompiled user dll's ...
Registered in 0,000584 seconds.
Begin MonoManager ReloadAssembly
Native extension for LinuxStandalone target not found
Refreshing native plugins compatible for Editor in 0,35 ms, found 1 plugins.
Preloading 0 native plugins for Editor in 0,00 ms.
Invoked RoslynAnalysisRunner static constructor.
RoslynAnalysisRunner will not be running.
RoslynAnalysisRunner has terminated.
Mono: successfully reloaded assembly
- Completed reload, in  0,738 seconds
Platform modules already initialized, skipping
Refreshing native plugins compatible for Editor in 0,35 ms, found 1 plugins.
Preloading 0 native plugins for Editor in 0,00 ms.
Unloading 1801 Unused Serialized files (Serialized files now loaded: 0)
System memory in use before: 80,2 MB.
System memory in use after: 80,3 MB.

Unloading 11 unused Assets to reduce memory usage. Loaded Objects now: 2346.
Total: 2,742175 ms (FindLiveObjects: 0,201832 ms CreateObjectMapping: 0,059694 ms MarkObjects: 2,384314 ms  DeleteObjects: 0,095205 ms)

========================================================================
Received Prepare
Registering precompiled user dll's ...
Registered in 0,000548 seconds.
Begin MonoManager ReloadAssembly
Native extension for LinuxStandalone target not found
Refreshing native plugins compatible for Editor in 0,40 ms, found 1 plugins.
Preloading 0 native plugins for Editor in 0,00 ms.
Invoked RoslynAnalysisRunner static constructor.
RoslynAnalysisRunner will not be running.
RoslynAnalysisRunner has terminated.
Mono: successfully reloaded assembly
- Completed reload, in  0,737 seconds
Platform modules already initialized, skipping
Refreshing native plugins compatible for Editor in 0,35 ms, found 1 plugins.
Preloading 0 native plugins for Editor in 0,00 ms.
Unloading 1801 Unused Serialized files (Serialized files now loaded: 0)
System memory in use before: 80,2 MB.
System memory in use after: 80,3 MB.

Unloading 11 unused Assets to reduce memory usage. Loaded Objects now: 2350.
Total: 2,702578 ms (FindLiveObjects: 0,191936 ms CreateObjectMapping: 0,060576 ms MarkObjects: 2,351626 ms  DeleteObjects: 0,096950 ms)

========================================================================
Received Prepare
Registering precompiled user dll's ...
Registered in 0,000536 seconds.
Begin MonoManager ReloadAssembly
Native extension for LinuxStandalone target not found
Refreshing native plugins compatible for Editor in 0,43 ms, found 1 plugins.
Preloading 0 native plugins for Editor in 0,00 ms.
Invoked RoslynAnalysisRunner static constructor.
RoslynAnalysisRunner will not be running.
RoslynAnalysisRunner has terminated.
Mono: successfully reloaded assembly
- Completed reload, in  0,738 seconds
Platform modules already initialized, skipping
Refreshing native plugins compatible for Editor in 0,34 ms, found 1 plugins.
Preloading 0 native plugins for Editor in 0,00 ms.
Unloading 1801 Unused Serialized files (Serialized files now loaded: 0)
System memory in use before: 80,2 MB.
System memory in use after: 80,3 MB.

Unloading 11 unused Assets to reduce memory usage. Loaded Objects now: 2354.
Total: 2,901555 ms (FindLiveObjects: 0,220727 ms CreateObjectMapping: 0,062673 ms MarkObjects: 2,511950 ms  DeleteObjects: 0,104954 ms)

========================================================================
Received Prepare
Registering precompiled user dll's ...
Registered in 0,000621 seconds.
Begin MonoManager ReloadAssembly
Native extension for LinuxStandalone target not found
Refreshing native plugins compatible for Editor in 0,36 ms, found 1 plugins.
Preloading 0 native plugins for Editor in 0,00 ms.
Invoked RoslynAnalysisRunner static constructor.
RoslynAnalysisRunner will not be running.
RoslynAnalysisRunner has terminated.
Mono: successfully reloaded assembly
- Completed reload, in  0,734 seconds
Platform modules already initialized, skipping
Refreshing native plugins compatible for Editor in 0,42 ms, found 1 plugins.
Preloading 0 native plugins for Editor in 0,00 ms.
Unloading 1801 Unused Serialized files (Serialized files now loaded: 0)
System memory in use before: 80,3 MB.
System memory in use after: 80,3 MB.

Unloading 11 unused Assets to reduce memory usage. Loaded Objects now: 2358.
Total: 2,846912 ms (FindLiveObjects: 0,229968 ms CreateObjectMapping: 0,073820 ms MarkObjects: 2,433938 ms  DeleteObjects: 0,108019 ms)

========================================================================
Received Prepare
Registering precompiled user dll's ...
Registered in 0,000610 seconds.
Begin MonoManager ReloadAssembly
Native extension for LinuxStandalone target not found
Refreshing native plugins compatible for Editor in 0,38 ms, found 1 plugins.
Preloading 0 native plugins for Editor in 0,00 ms.
Invoked RoslynAnalysisRunner static constructor.
RoslynAnalysisRunner will not be running.
RoslynAnalysisRunner has terminated.
Mono: successfully reloaded assembly
- Completed reload, in  0,740 seconds
Platform modules already initialized, skipping
Refreshing native plugins compatible for Editor in 0,45 ms, found 1 plugins.
Preloading 0 native plugins for Editor in 0,00 ms.
Unloading 1801 Unused Serialized files (Serialized files now loaded: 0)
System memory in use before: 80,3 MB.
System memory in use after: 80,3 MB.

Unloading 11 unused Assets to reduce memory usage. Loaded Objects now: 2362.
Total: 2,684341 ms (FindLiveObjects: 0,197352 ms CreateObjectMapping: 0,053897 ms MarkObjects: 2,334045 ms  DeleteObjects: 0,097845 ms)

========================================================================
Received Prepare
Registering precompiled user dll's ...
Registered in 0,000596 seconds.
Begin MonoManager ReloadAssembly
Native extension for LinuxStandalone target not found
Refreshing native plugins compatible for Editor in 0,48 ms, found 1 plugins.
Preloading 0 native plugins for Editor in 0,00 ms.
Invoked RoslynAnalysisRunner static constructor.
RoslynAnalysisRunner will not be running.
RoslynAnalysisRunner has terminated.
Mono: successfully reloaded assembly
- Completed reload, in  0,735 seconds
Platform modules already initialized, skipping
Refreshing native plugins compatible for Editor in 0,38 ms, found 1 plugins.
Preloading 0 native plugins for Editor in 0,00 ms.
Unloading 1801 Unused Serialized files (Serialized files now loaded: 0)
System memory in use before: 80,3 MB.
System memory in use after: 80,3 MB.

Unloading 11 unused Assets to reduce memory usage. Loaded Objects now: 2366.
Total: 2,624321 ms (FindLiveObjects: 0,187777 ms CreateObjectMapping: 0,063079 ms MarkObjects: 2,273953 ms  DeleteObjects: 0,098451 ms)

========================================================================
Received Prepare
Registering precompiled user dll's ...
Registered in 0,000551 seconds.
Begin MonoManager ReloadAssembly
Native extension for LinuxStandalone target not found
Refreshing native plugins compatible for Editor in 0,51 ms, found 1 plugins.
Preloading 0 native plugins for Editor in 0,00 ms.
Invoked RoslynAnalysisRunner static constructor.
RoslynAnalysisRunner will not be running.
RoslynAnalysisRunner has terminated.
Mono: successfully reloaded assembly
- Completed reload, in  0,741 seconds
Platform modules already initialized, skipping
Refreshing native plugins compatible for Editor in 0,31 ms, found 1 plugins.
Preloading 0 native plugins for Editor in 0,00 ms.
Unloading 1801 Unused Serialized files (Serialized files now loaded: 0)
System memory in use before: 80,3 MB.
System memory in use after: 80,3 MB.

Unloading 11 unused Assets to reduce memory usage. Loaded Objects now: 2370.
Total: 2,809175 ms (FindLiveObjects: 0,197869 ms CreateObjectMapping: 0,057919 ms MarkObjects: 2,441834 ms  DeleteObjects: 0,110351 ms)

========================================================================
Received Import Request.
  Time since last request: 839,335927 seconds.
  path: Assets/Animations/Run 1_0 (1).controller
  artifactKey: Guid(0e616ab4c569a07308b73573668644e9) Importer(815301076,1909f56bfc062723c751e8b465ee728b)
Start importing Assets/Animations/Run 1_0 (1).controller using Guid(0e616ab4c569a07308b73573668644e9) Importer(815301076,1909f56bfc062723c751e8b465ee728b)  -> (artifact id: 'f6abe21b0bfec0018224fbe3867a576a') in 0,012767 seconds
  Import took 0,016545 seconds .

========================================================================
Received Import Request.
  Time since last request: 0,003766 seconds.
  path: Assets/Animations/Run 1_0 (1).controller
  artifactKey: Guid(0e616ab4c569a07308b73573668644e9) Importer(815301076,1909f56bfc062723c751e8b465ee728b)
Start importing Assets/Animations/Run 1_0 (1).controller using Guid(0e616ab4c569a07308b73573668644e9) Importer(815301076,1909f56bfc062723c751e8b465ee728b)  -> (artifact id: 'f6abe21b0bfec0018224fbe3867a576a') in 0,000917 seconds
  Import took 0,004172 seconds .

========================================================================
Received Prepare
Registering precompiled user dll's ...
Registered in 0,000580 seconds.
Begin MonoManager ReloadAssembly
Native extension for LinuxStandalone target not found
Refreshing native plugins compatible for Editor in 0,32 ms, found 1 plugins.
Preloading 0 native plugins for Editor in 0,00 ms.
Invoked RoslynAnalysisRunner static constructor.
RoslynAnalysisRunner will not be running.
RoslynAnalysisRunner has terminated.
Mono: successfully reloaded assembly
- Completed reload, in  0,759 seconds
Platform modules already initialized, skipping
Refreshing native plugins compatible for Editor in 0,35 ms, found 1 plugins.
Preloading 0 native plugins for Editor in 0,00 ms.
Unloading 1801 Unused Serialized files (Serialized files now loaded: 0)
System memory in use before: 80,3 MB.
System memory in use after: 80,3 MB.

Unloading 11 unused Assets to reduce memory usage. Loaded Objects now: 2374.
Total: 6,712860 ms (FindLiveObjects: 0,432830 ms CreateObjectMapping: 0,185855 ms MarkObjects: 5,875077 ms  DeleteObjects: 0,216198 ms)

========================================================================
Received Import Request.
  Time since last request: 148,268925 seconds.
  path: Assets/Sprites
  artifactKey: Guid(3c22f69c13778333ea51bb5c98ac31c5) Importer(815301076,1909f56bfc062723c751e8b465ee728b)
Start importing Assets/Sprites using Guid(3c22f69c13778333ea51bb5c98ac31c5) Importer(815301076,1909f56bfc062723c751e8b465ee728b)  -> (artifact id: '9ddb26ad4f8a2441d41454498598a739') in 0,003141 seconds
  Import took 0,006562 seconds .

========================================================================
Received Import Request.
  Time since last request: 0,000701 seconds.
  path: Assets/Sprites
  artifactKey: Guid(3c22f69c13778333ea51bb5c98ac31c5) Importer(815301076,1909f56bfc062723c751e8b465ee728b)
Start importing Assets/Sprites using Guid(3c22f69c13778333ea51bb5c98ac31c5) Importer(815301076,1909f56bfc062723c751e8b465ee728b)  -> (artifact id: '9ddb26ad4f8a2441d41454498598a739') in 0,000555 seconds
  Import took 0,003588 seconds .

========================================================================
Received Import Request.
  Time since last request: 553,228870 seconds.
  path: Assets/Animations/Attack1.png
  artifactKey: Guid(0c6c79eb07f26afe38683e00b48b999c) Importer(815301076,1909f56bfc062723c751e8b465ee728b)
Start importing Assets/Animations/Attack1.png using Guid(0c6c79eb07f26afe38683e00b48b999c) Importer(815301076,1909f56bfc062723c751e8b465ee728b)  -> (artifact id: 'c134a32b2b94cddf923044825dcfa571') in 0,042681 seconds
  Import took 0,045536 seconds .

========================================================================
Received Import Request.
  Time since last request: 0,000428 seconds.
  path: Assets/Animations/Attack1.png
  artifactKey: Guid(0c6c79eb07f26afe38683e00b48b999c) Importer(815301076,1909f56bfc062723c751e8b465ee728b)
Start importing Assets/Animations/Attack1.png using Guid(0c6c79eb07f26afe38683e00b48b999c) Importer(815301076,1909f56bfc062723c751e8b465ee728b)  -> (artifact id: 'c134a32b2b94cddf923044825dcfa571') in 0,005971 seconds
  Import took 0,008841 seconds .

========================================================================
Received Import Request.
  Time since last request: 30,096394 seconds.
  path: Assets/Animations/Attack1.png
  artifactKey: Guid(0c6c79eb07f26afe38683e00b48b999c) Importer(815301076,1909f56bfc062723c751e8b465ee728b)
Start importing Assets/Animations/Attack1.png using Guid(0c6c79eb07f26afe38683e00b48b999c) Importer(815301076,1909f56bfc062723c751e8b465ee728b)  -> (artifact id: '80a5bea6a3e53537b3849032f9c033dd') in 0,003421 seconds
  Import took 0,006981 seconds .

AssetImportWorkerClient::OnTransportError - code=2 error=End of file
